make.exe all --print-data-base --no-builtin-variables --no-builtin-rules --question
# GNU Make 3.81
# Copyright (C) 2006  Free Software Foundation, Inc.
# This is free software; see the source for copying conditions.
# There is NO warranty; not even for MERCHANTABILITY or FITNESS FOR A
# PARTICULAR PURPOSE.

# This program built for i386-pc-mingw32
 

# Make data base, printed on Sun Sep 04 15:51:12 2022

# Variables

# automatic
<D = $(patsubst %/,%,$(dir $<))
# automatic
?F = $(notdir $?)
# makefile
MAKEFLAGS = Rrqp
# automatic
?D = $(patsubst %/,%,$(dir $?))
# makefile (from `makefile', line 2)
OBJECT_DIR = ./object
# automatic
@D = $(patsubst %/,%,$(dir $@))
# environment
HOMEDRIVE = C:
# automatic
@F = $(notdir $@)
# automatic
^D = $(patsubst %/,%,$(dir $^))
# makefile
CURDIR := c:/Users/USER/Documents/GitHub/Assignment3_Group6
# default
SHELL := s 
h.exe
# environment
CLION = C:\Program Files\JetBrains\CLion 2022.2.1\bin;
# environment
WINDIR = C:\Windows
# environment
VSCODE_NLS_CONFIG = {"locale":"en-us","availableLanguages":{},"_languagePackSupport":true}
# environment
VBOX_MSI_INSTALL_PATH = C:\Program Files\Oracle\VirtualBox\
# environment
PYCHARM COMMUNITY EDITION = C:\Program Files\JetBrains\PyCharm Community Edition 2021.3.2\bin;
# environment
ONEDRIVE = C:\Users\USER\OneDrive
# environment
PATHEXT = .COM;.EXE;.BAT;.CMD;.VBS;.VBE;.JS;.JSE;.WSF;.WSH;.MSC
# makefile (from `makefile', line 1)
MAKEFILE_LIST :=  makefile
# environment
FPS_BROWSER_USER_PROFILE_STRING = Default
# environment
TMP = C:\Users\USER\AppData\Local\Temp
# makefile (from `makefile', line 8)
GCCFLAGS = -Wall -O2 -ffreestanding -nostdinc -nostdlib
# makefile (from `makefile', line 5)
CFILES = $(wildcard $(SRC_DIR)/*.c)
# environment
PROGRAMW6432 = C:\Program Files
# environment
PROGRAMDATA = C:\ProgramData
# environment
VSCODE_CWD = C:\Users\USER\AppData\Local\Programs\Microsoft VS Code
# environment
PATH = C:\Windows\system32;C:\Windows;C:\Windows\System32\Wbem;C:\Windows\System32\WindowsPowerShell\v1.0\;C:\Windows\System32\OpenSSH\;C:\Program Files (x86)\NVIDIA Corporation\PhysX\Common;C:\Program Files\Git\cmd;C:\Users\USER\Documents\EEET2490_2022\10 2021.10\bin;C:\Users\USER\Documents\gcc-arm-10.3-2021.07-mingw-w64-i686-aarch64-none-elf\bin;C:\Program Files (x86)\GnuWin32\bin;C:\Users\USER\Documents\EEET2490_2022\qemu;C:\Users\USER\Documents\EEET2490_2022 Tutorial_2\EEET2490_2022\qemu;C:\Program Files\PuTTY\;C:\Users\USER\AppData\Local\Microsoft\WindowsApps;C:\Program Files\JetBrains\IntelliJ IDEA Community Edition 2021.2.3\bin;;C:\Users\USER\AppData\Local\GitHubDesktop\bin;C:\Users\USER\AppData\Local\Programs\Microsoft VS Code\bin;C:\Program Files\JetBrains\PyCharm Community Edition 2021.3.2\bin;;C:\Program Files\JetBrains\PyCharm 2021.3.2\bin;;C:\Program Files\JetBrains\DataGrip 2021.3.4\bin;;C:\Program Files\JetBrains\CLion 2022.2.1\bin;;C:\MinGW\bin;
# environment
COMMONPROGR 
AMW6432 = C:\Program Files\Common Files
# environment
ZES_ENABLE_SYSMAN = 1
# environment
PROCESSOR_ARCHITECTURE = x86
# environment
USERPROFILE = C:\Users\USER
# environment
ALLUSERSPROFILE = C:\ProgramData
# environment
NUMBER_OF_PROCESSORS = 8
# environment
ELECTRON_RUN_AS_NODE = 1
# makefile (from `makefile', line 9)
LDFLAGS = -nostdlib -nostartfiles
# default
.FEATURES := target-specific order-only second-expansion else-if archives
# automatic
%F = $(notdir $%)
# environment
CHROME_CRASHPAD_PIPE_NAME = \\.\pipe\crashpad_2460_PYSPCNMNNRKSBRFQ
# environment
COMPUTERNAME = DESKTOP-GIA4307
# environment
PROGRAMFILES = C:\Program Files (x86)
# environment
DRIVERDATA = C:\Windows\System32\Drivers\DriverData
# environment
ASL.LOG = Destination=file
# environment
ORIGINAL_XDG_CURRENT_DESKTOP = undefined
# environment
USERNAME = USER
# environment
PUBLIC = C:\Users\Public
# environment
VSCODE_AMD_ENTRYPOINT = vs/workbench/api/node/extensionHostProcess
# environment
VSCODE_CODE_CACHE_PATH = C:\Users\USER\AppData\R 
oaming\Code\CachedData\784b0177c56c607789f9638da7b6bf3230d47a8c
# environment
APPLICATION_INSIGHTS_NO_DIAGNOSTIC_CHANNEL = 1
# environment
COMMONPROGRAMFILES = C:\Program Files (x86)\Common Files
# environment
LOGONSERVER = \\DESKTOP-GIA4307
# environment
VSCODE_HANDLES_UNCAUGHT_ERRORS = true
# environment
USERDOMAIN = DESKTOP-GIA4307
# environment
INTELLIJ IDEA COMMUNITY EDITION = C:\Program Files\JetBrains\IntelliJ IDEA Community Edition 2021.2.3\bin;
# default
MAKE = $(MAKE_COMMAND)
# default
MAKECMDGOAL 
S := all
# default
MAKE_VERSION := 3.81
# makefile
.DEFAULT_GOAL := all
# environment
PROGRAMFILES(X86) = C:\Program Files (x86)
# automatic
%D = $(patsubst %/,%,$(dir $%))
# environment
LOCALAPPDATA = C:\Users\USER\AppData\Local
# environment
PSMODULEPATH = C:\Program Files\WindowsPowerShell\Modules;C:\Windows\system32\WindowsPowerShell\v1.0\Modules
# default
MAKE_COMMAND := make.exe
# environment
PROCESSOR_ARCHITEW6432 = AMD64
# default
.VARIABLES := 
# automatic
*F = $(notdir $*)
# environment
PROCESSOR_IDENTIFIER = Intel64 Family 6 Model 158 Stepping 9, GenuineIntel
# environment
OS = Windows_NT
# environment
VSCODE_IPC_HOOK = \\.\pipe\6f7f7439a076c1dd521200c06694e730-1.71.0-main-sock
# environment
HOMEPATH = \Users\USER
# environment
COMMONPROGRAMFILES(X86) = C:\Program Files (x86)\Common Files
# environment
PROMPT = $P$G
# environment
MFLAGS = -Rrqp
# automatic
*D = $(patsubst %/,%,$(dir $*))
# environment
SYSTEMROOT = C:\Windows
# automatic
+D = $(patsubst %/,%,$(dir $+))
# automatic
+F = $(notdir $+)
 
# environment
APPDATA = C:\Users\USER\AppData\Roaming
# environment
TEMP = C:\Users\USER\AppData\Local\Temp
# environment
COMSPEC = C:\Windows\system32\cmd.exe
# default
MAKEFILES := 
# makefile (from `makefile', line 3)
SRC_DIR = ./src
# automatic
<F = $(notdir $<)
# environment
LC_ALL = C
# environment
DATAGRIP = C:\Program Files\JetBrains\DataGrip 2021.3.4\bin;
# automatic
^F = $(notdir $^)
# default
SUFFIXES := 
# environment
SYSTEMDRIVE = C:
# environment
SESSIONNAME = Console
# environment
PROCESSOR_REVISION = 9e09
# environment
PYCHARM = C:\Program Files\JetBrains\PyCharm 2021.3.2\bin;
# makefile (from `makefile', line 6)
OFILES = $(CFILES:$(SRC_DIR)/%.c=$(OBJECT_DIR)/%.o)
# environment
MAKELEVEL := 0
# environment
LANG = C
# environment
PROCESSOR_LEVEL = 6
# environment
FPS_BROWSER_APP_PROFILE_STRING = Internet Explorer
# environment
VSCODE_PID = 2460
# environment
USERDOMAIN_ROAMINGPROFILE = DESKTOP-GIA4307
# variable set hash-table stats:
# Load=97/1024=9%, Rehash=0, Collisions=9/127=7%

# Pattern-s 
pecific Variable Values

# No pattern-specific variable values.

# Directories

# : could not be stat'd.
# C:\Users\USER\Documents\gcc-arm-10.3-2021.07-mingw-w64-i686-aarch64-none-elf\bin (key C:/Users/USER/Documents/gcc-arm-10.3-2021.07-mingw-w64-i686-aarch64-none-elf/bin, mtime 1657168240): 33 files, no impossibilities.
# C:\Users\USER\AppData\Local\Programs\Microsoft VS Code\bin (key C:/Users/USER/AppData/Local/Programs/Microsoft VS Code/bin, mtime 1662189700): 4 files, no impossibilities.
# C:\Program F 
iles\JetBrains\PyCharm Community Edition 2021.3.2\bin (key C:/Program Files/JetBrains/PyCharm Community Edition 2021.3.2/bin, mtime 1646194605): 26 files, no impossibilities.
# C:\Windows\System32\WindowsPowerShell\v1.0\ (key C:/Windows/System32/WindowsPowerShell/v1.0/, mtime 1617976353): 30 files, no impossibilities.
# C:\Windows\System32\Wbem (key C:/Windows/System32/Wbem, mtime 1657990286): 153 files, no impossibilities.
# . (key c:/Users/USER/Documents/GitHub/Assignment3_Group6, mtime 1662281470): 12 fi 
les, no impossibilities.
# C:\Program Files (x86)\NVIDIA Corporation\PhysX\Common (key C:/Program Files (x86)/NVIDIA Corporation/PhysX/Common, mtime 1633071604): 10 files, no impossibilities.
# C:\Program Files\JetBrains\IntelliJ IDEA Community Edition 2021.2.3\bin (key C:/Program Files/JetBrains/IntelliJ IDEA Community Edition 2021.2.3/bin, mtime 1636727814): 31 files, no impossibilities.
# C:\Users\USER\Documents\EEET2490_2022\10 2021.10\bin: could not be stat'd.
# C:\Users\USER\Documents\EEET2490_2022 Tu 
torial_2\EEET2490_2022\qemu (key C:/Users/USER/Documents/EEET2490_2022 Tutorial_2/EEET2490_2022/qemu, mtime 1657186101): 179 files, no impossibilities.
# C:\MinGW\bin (key C:/MinGW/bin, mtime 1661409500): 60 files, no impossibilities.
# ./src (key c:/Users/USER/Documents/GitHub/Assignment3_Group6/src, mtime 1662280100): 21 files, no impossibilities.
# C:\Windows\System32\OpenSSH\: could not be stat'd.
# C:\Users\USER\AppData\Local\GitHubDesktop\bin (key C:/Users/USER/AppData/Local/GitHubDesktop/bin, mtime 1 
637907223): 4 files, no impossibilities.
# C:\Program Files\PuTTY\ (key C:/Program Files/PuTTY/, mtime 1658463188): 12 files, no impossibilities.
# C:\Users\USER\AppData\Local\Microsoft\WindowsApps (key C:/Users/USER/AppData/Local/Microsoft/WindowsApps, mtime 1661323458): 13 files, no impossibilities.
# C:\Windows (key C:/Windows, mtime 1660208957): 108 files, no impossibilities.
# src (key c:/Users/USER/Documents/GitHub/Assignment3_Group6/src, mtime 1662280100): 21 files, no impossibilities.
# C:\Program F 
iles\JetBrains\PyCharm 2021.3.2\bin: could not be stat'd.
# C:\Program Files\Git\cmd (key C:/Program Files/Git/cmd, mtime 1637935490): 8 files, no impossibilities.
# C:\Windows\system32 (key C:/Windows/system32, mtime 1662257912): 2956 files, no impossibilities.
# C:\Users\USER\Documents\EEET2490_2022\qemu: could not be stat'd.
# C:\Program Files\JetBrains\DataGrip 2021.3.4\bin: could not be stat'd.
# C:\Program Files\JetBrains\CLion 2022.2.1\bin (key C:/Program Files/JetBrains/CLion 2022.2.1/bin, mtime 166 
1403841): 36 files, no impossibilities.
# C:\Program Files (x86)\GnuWin32\bin (key C:/Program Files (x86)/GnuWin32/bin, mtime 1657168442): 5 files, no impossibilities.

# 3722 files, no impossibilities in 26 directories.

# Implicit Rules

object/%.o: ./src/%.c
#  commands to execute (from `makefile', line 17):
	aarch64-none-elf-gcc $(CFLAGS) -c $< -o $@
	

# 1 implicit rules, 0 (0.0%) terminal.

# Files

object/uart.o: src/uart.c
#  Implicit rule search has been done.
#  Implicit/static pattern stem: `uart 
'
#  Last modified 2022-09-04 15:28:20
#  File has been updated.
#  Successfully updated.
# variable set hash-table stats:
# Load=0/32=0%, Rehash=0, Collisions=0/0=0%
#  commands to execute (from `makefile', line 17):
	aarch64-none-elf-gcc $(CFLAGS) -c $< -o $@
	

all: kernel8.img
#  Command-line target.
#  Implicit rule search has been done.
#  File does not exist.
#  File has been updated.
#  Successfully updated.
# variable set hash-table stats:
# Load=0/32=0%, Rehash=0, Collisions=0/0=0%

object/boot.o: 
 src/boot.S
#  Implicit rule search has not been done.
#  Last modified 2022-09-04 15:28:20
#  File has been updated.
#  Successfully updated.
# variable set hash-table stats:
# Load=0/32=0%, Rehash=0, Collisions=0/0=0%
#  commands to execute (from `makefile', line 14):
	aarch64-none-elf-gcc $(GCCFLAGS) -c $< -o $@
	

# Not a target:
.DEFAULT:
#  Implicit rule search has not been done.
#  Modification time never checked.
#  File has not been updated.

# Not a target:
src/printf.c:
#  Implicit rule search ha 
s been done.
#  Last modified 2022-09-04 15:28:20
#  File has been updated.
#  Successfully updated.
# variable set hash-table stats:
# Load=0/32=0%, Rehash=0, Collisions=0/0=0%

# Not a target:
src/framebf.c:
#  Implicit rule search has been done.
#  Last modified 2022-09-04 15:28:20
#  File has been updated.
#  Successfully updated.
# variable set hash-table stats:
# Load=0/32=0%, Rehash=0, Collisions=0/0=0%

test: all run
#  Implicit rule search has not been done.
#  Modification time never checked.
#  F 
ile has not been updated.

# Not a target:
src/timer.c:
#  Implicit rule search has been done.
#  Last modified 2022-09-04 15:28:20
#  File has been updated.
#  Successfully updated.
# variable set hash-table stats:
# Load=0/32=0%, Rehash=0, Collisions=0/0=0%

# Not a target:
makefile:
#  Implicit rule search has been done.
#  Last modified 2022-09-04 15:28:20
#  File has been updated.
#  Successfully updated.
# variable set hash-table stats:
# Load=0/32=0%, Rehash=0, Collisions=0/0=0%

object/mbox.o: src/m 
box.c
#  Implicit rule search has been done.
#  Implicit/static pattern stem: `mbox'
#  Last modified 2022-09-04 15:28:20
#  File has been updated.
#  Successfully updated.
# variable set hash-table stats:
# Load=0/32=0%, Rehash=0, Collisions=0/0=0%
#  commands to execute (from `makefile', line 17):
	aarch64-none-elf-gcc $(CFLAGS) -c $< -o $@
	

# Not a target:
src/main.c:
#  Implicit rule search has been done.
#  Last modified 2022-09-04 15:28:20
#  File has been updated.
#  Successfully updated.
# variabl 
e set hash-table stats:
# Load=0/32=0%, Rehash=0, Collisions=0/0=0%

# Not a target:
.SUFFIXES:
#  Implicit rule search has not been done.
#  Modification time never checked.
#  File has not been updated.

object/printf.o: src/printf.c
#  Implicit rule search has been done.
#  Implicit/static pattern stem: `printf'
#  Last modified 2022-09-04 15:28:20
#  File has been updated.
#  Successfully updated.
# variable set hash-table stats:
# Load=0/32=0%, Rehash=0, Collisions=0/0=0%
#  commands to execute (from ` 
makefile', line 17):
	aarch64-none-elf-gcc $(CFLAGS) -c $< -o $@
	

# Not a target:
src/uart.c:
#  Implicit rule search has been done.
#  Last modified 2022-09-04 15:28:20
#  File has been updated.
#  Successfully updated.
# variable set hash-table stats:
# Load=0/32=0%, Rehash=0, Collisions=0/0=0%

run:
#  Implicit rule search has not been done.
#  Modification time never checked.
#  File has not been updated.
#  commands to execute (from `makefile', line 27):
	qemu-system-aarch64 -M raspi3b -kernel kernel 
8.img -serial null -serial stdio
	

object/framebf.o: src/framebf.c
#  Implicit rule search has been done.
#  Implicit/static pattern stem: `framebf'
#  Last modified 2022-09-04 15:28:20
#  File has been updated.
#  Successfully updated.
# variable set hash-table stats:
# Load=0/32=0%, Rehash=0, Collisions=0/0=0%
#  commands to execute (from `makefile', line 17):
	aarch64-none-elf-gcc $(CFLAGS) -c $< -o $@
	

clean:
#  Implicit rule search has not been done.
#  Modification time never checked.
#  File has n 
ot been updated.
#  commands to execute (from `makefile', line 24):
	rm *.img .\build\kernel8.elf .\build\*.o
	

object/timer.o: src/timer.c
#  Implicit rule search has been done.
#  Implicit/static pattern stem: `timer'
#  Last modified 2022-09-04 15:28:20
#  File has been updated.
#  Successfully updated.
# variable set hash-table stats:
# Load=0/32=0%, Rehash=0, Collisions=0/0=0%
#  commands to execute (from `makefile', line 17):
	aarch64-none-elf-gcc $(CFLAGS) -c $< -o $@
	

# Not a target:
src/boot.S:
 
#  Implicit rule search has been done.
#  Last modified 2022-09-04 15:28:20
#  File has been updated.
#  Successfully updated.
# variable set hash-table stats:
# Load=0/32=0%, Rehash=0, Collisions=0/0=0%

kernel8.img: object/boot.o object/framebf.o object/main.o object/mbox.o object/printf.o object/timer.o object/uart.o
#  Implicit rule search has not been done.
#  Last modified 2022-09-04 15:28:20
#  File has been updated.
#  Successfully updated.
# variable set hash-table stats:
# Load=0/32=0%, Rehash=0,  
Collisions=0/0=0%
#  commands to execute (from `makefile', line 20):
	aarch64-none-elf-ld $(LDFLAGS) $(OBJECT_DIR)/boot.o $(OFILES) -T $(SRC_DIR)/link.ld -o $(OBJECT_DIR)/kernel8.elf
	aarch64-none-elf-objcopy -O binary $(OBJECT_DIR)/kernel8.elf kernel8.img
	

object/main.o: src/main.c
#  Implicit rule search has been done.
#  Implicit/static pattern stem: `main'
#  Last modified 2022-09-04 15:28:20
#  File has been updated.
#  Successfully updated.
# variable set hash-table stats:
# Load=0/32=0%, Rehash=0,  
Collisions=0/0=0%
#  commands to execute (from `makefile', line 17):
	aarch64-none-elf-gcc $(CFLAGS) -c $< -o $@
	

# Not a target:
src/mbox.c:
#  Implicit rule search has been done.
#  Last modified 2022-09-04 15:28:20
#  File has been updated.
#  Successfully updated.
# variable set hash-table stats:
# Load=0/32=0%, Rehash=0, Collisions=0/0=0%

# files hash-table stats:
# Load=22/1024=2%, Rehash=0, Collisions=0/63=0%
# VPATH Search Paths

# No `vpath' search paths.

# No general (`VPATH' variable) search  
path.

# # of strings in strcache: 1
# # of strcache buffers: 1
# strcache size: total = 4096 / max = 4096 / min = 4096 / avg = 4096
# strcache free: total = 4087 / max = 4087 / min = 4087 / avg = 4087

# Finished Make data base on Sun Sep 04 15:51:12 2022

 
